Full Traceback (most recent call last):
  File "/Users/maia/miniconda3/lib/python3.13/site-packages/snakemake/cli.py", line 2220, in args_to_api
    dag_api = workflow_api.dag(
        dag_settings=DAGSettings(
    ...<17 lines>...
        ),
    )
  File "/Users/maia/miniconda3/lib/python3.13/site-packages/snakemake/api.py", line 356, in dag
    return DAGApi(
        self.snakemake_api,
        self,
        dag_settings=dag_settings,
    )
  File "<string>", line 6, in __init__
  File "/Users/maia/miniconda3/lib/python3.13/site-packages/snakemake/api.py", line 462, in __post_init__
    self.workflow_api._workflow.dag_settings = self.dag_settings
    ^^^^^^^^^^^^^^^^^^^^^^^^^^^
  File "/Users/maia/miniconda3/lib/python3.13/site-packages/snakemake/api.py", line 408, in _workflow
    workflow.include(
    ~~~~~~~~~~~~~~~~^
        self.snakefile, overwrite_default_target=True, print_compilation=False
        ^^^^^^^^^^^^^^^^^^^^^^^^^^^^^^^^^^^^^^^^^^^^^^^^^^^^^^^^^^^^^^^^^^^^^^
    )
    ^
  File "/Users/maia/miniconda3/lib/python3.13/site-packages/snakemake/workflow.py", line 1674, in include
    exec(
    ~~~~^
        compile(code, snakefile.get_path_or_uri(secret_free=True), "exec"),
        ^^^^^^^^^^^^^^^^^^^^^^^^^^^^^^^^^^^^^^^^^^^^^^^^^^^^^^^^^^^^^^^^^^^
        self.globals,
        ^^^^^^^^^^^^^
    )
    ^
  File "/Users/maia/Documents/workflow/Snakefile", line 30, in <module>
  File "/Users/maia/miniconda3/lib/python3.13/site-packages/snakemake/workflow.py", line 1674, in include
    exec(
    ~~~~^
        compile(code, snakefile.get_path_or_uri(secret_free=True), "exec"),
        ^^^^^^^^^^^^^^^^^^^^^^^^^^^^^^^^^^^^^^^^^^^^^^^^^^^^^^^^^^^^^^^^^^^
        self.globals,
        ^^^^^^^^^^^^^
    )
    ^
  File "/Users/maia/Documents/workflow/rules/Collectreadcounts.smk", line 47, in <module>
  File "/Users/maia/miniconda3/lib/python3.13/site-packages/snakemake/workflow.py", line 1873, in decorate
    rule.set_output(*ruleinfo.output.paths, **ruleinfo.output.kwpaths)
    ~~~~~~~~~~~~~~~^^^^^^^^^^^^^^^^^^^^^^^^^^^^^^^^^^^^^^^^^^^^^^^^^^^
  File "/Users/maia/miniconda3/lib/python3.13/site-packages/snakemake/rules.py", line 376, in set_output
    self.register_wildcards(item)
    ~~~~~~~~~~~~~~~~~~~~~~~^^^^^^
  File "/Users/maia/miniconda3/lib/python3.13/site-packages/snakemake/rules.py", line 336, in register_wildcards
    raise RuleException(
    ...<6 lines>...
    )
snakemake.exceptions.RuleException: Not all output, log and benchmark files of rule collectreadcounts_tumor contain the same wildcards. This is crucial though, in order to avoid that two or more jobs write to the same file.

RuleException in file "/Users/maia/Documents/workflow/rules/Collectreadcounts.smk", line 22:
Not all output, log and benchmark files of rule collectreadcounts_tumor contain the same wildcards. This is crucial though, in order to avoid that two or more jobs write to the same file.
