Assuming unrestricted shared filesystem usage.
host: Maias-MacBook-Air.local
Building DAG of jobs...
Need to rerun job collectreadcounts_normal because of missing output required by createreadcountpanelofnormals.
Need to rerun job denoisereadcounts because job createreadcountpanelofnormals has to be rerun.
Need to rerun job all because job createreadcountpanelofnormals has to be rerun.
Need to rerun job preprocess_interval_WGS because of missing output required by collectreadcounts_normal.
Need to rerun job createreadcountpanelofnormals because job collectreadcounts_normal has to be rerun.
Need to rerun job all because job collectreadcounts_normal has to be rerun.
Need to rerun job collectreadcounts_tumor because of missing output required by denoisereadcounts.
Need to rerun job all because job denoisereadcounts has to be rerun.
Need to rerun job collectalleliccounts_normal because of missing output required by all.
Need to rerun job collectalleliccounts_tumor because of missing output required by all.
Need to rerun job collectreadcounts_normal because job preprocess_interval_WGS has to be rerun.
Need to rerun job collectreadcounts_tumor because job preprocess_interval_WGS has to be rerun.
Need to rerun job collectalleliccounts_normal because job preprocess_interval_WGS has to be rerun.
Need to rerun job collectalleliccounts_tumor because job preprocess_interval_WGS has to be rerun.
Need to rerun job all because job preprocess_interval_WGS has to be rerun.
Need to rerun job denoisereadcounts because job collectreadcounts_tumor has to be rerun.
Need to rerun job all because job collectreadcounts_tumor has to be rerun.
Need to rerun job all because job collectalleliccounts_normal has to be rerun.
Need to rerun job all because job collectalleliccounts_tumor has to be rerun.
output/AUR-AG12-TTM1.tumor_counts.hdf5: False 1
output/AUR-AG12-TTM1.standardizedCR.tsv output/AUR-AG12-TTM1.denoisedCR.tsv: False 2
output/AUR-AG12-TTM1.tumor_alleliccounts.tsv: False 1
: False 7
output/AUR-AG12-NB1.normal_counts.hdf5: False 1
output/pon.hdf5: False 1
output/AUR-AG12-NB1.normal_alleliccounts.tsv: False 1
output/preprocessedintervals.list: True 0
shared_storage_local_copies: True
remote_exec: False
Submitting maximum 100 job(s) over 1.0 second(s).
Using shell: /bin/bash
Provided cores: 1 (use --cores to define parallelism)
Rules claiming more threads will be scaled down.
Conda environments: ignored
Job stats:
job                              count
-----------------------------  -------
preprocess_interval_WGS              1
collectalleliccounts_normal          1
collectalleliccounts_tumor           1
collectreadcounts_normal             1
collectreadcounts_tumor              1
createreadcountpanelofnormals        1
denoisereadcounts                    1
all                                  1
total                                8

Resources before job selection: {'_cores': 1, '_nodes': 9223372036854775807, '_job_count': 9223372036854775807}
Ready jobs: 1
Select jobs to execute...
Selected jobs: 1
Resources after job selection: {'_cores': 0, '_nodes': 9223372036854775806, '_job_count': 100}
Execute 1 jobs...
[Wed May 20 15:47:10 2026]
localrule preprocess_interval_WGS:
    input: data/reference/hs38DH.fa
    output: output/preprocessedintervals.list
    log: logs/gatk/preprocess-interval/preprocessedintervals.log
    jobid: 1
    reason: Missing output files: output/preprocessedintervals.list
    resources: tmpdir=/var/folders/js/47lf8p8j62932tb9qj2cpp7r0000gn/T
Waiting for running jobs to complete.
Full Traceback (most recent call last):
  File "/Users/maia/miniconda3/lib/python3.13/site-packages/snakemake/executors/local.py", line 432, in run_wrapper
    run(
    ~~~^
        input,
        ^^^^^^
    ...<23 lines>...
        runtime_paths,
        ^^^^^^^^^^^^^^
    )
    ^
  File "/Users/maia/Documents/workflow/rules/Preprocess.smk", line 46, in __rule_preprocess_interval_WGS
    "-O {output.interval} "
    
  File "/Users/maia/miniconda3/lib/python3.13/site-packages/snakemake/shell.py", line 359, in __new__
    raise sp.CalledProcessError(retcode, cmd)
subprocess.CalledProcessError: Command 'set -euo pipefail;  gatk PreprocessIntervals -R data/reference/hs38DH.fa --bin-length 1000 --padding 0 --interval-merging-rule OVERLAPPING_ONLY -O output/preprocessedintervals.list' returned non-zero exit status 2.

Full Traceback (most recent call last):
  File "/Users/maia/miniconda3/lib/python3.13/site-packages/snakemake/executors/local.py", line 432, in run_wrapper
    run(
    ~~~^
        input,
        ^^^^^^
    ...<23 lines>...
        runtime_paths,
        ^^^^^^^^^^^^^^
    )
    ^
  File "/Users/maia/Documents/workflow/rules/Preprocess.smk", line 46, in __rule_preprocess_interval_WGS
    "-O {output.interval} "
    
  File "/Users/maia/miniconda3/lib/python3.13/site-packages/snakemake/shell.py", line 359, in __new__
    raise sp.CalledProcessError(retcode, cmd)
subprocess.CalledProcessError: Command 'set -euo pipefail;  gatk PreprocessIntervals -R data/reference/hs38DH.fa --bin-length 1000 --padding 0 --interval-merging-rule OVERLAPPING_ONLY -O output/preprocessedintervals.list' returned non-zero exit status 2.

During handling of the above exception, another exception occurred:

Traceback (most recent call last):
  File "/Users/maia/miniconda3/lib/python3.13/site-packages/snakemake/executors/local.py", line 267, in _callback
    raise ex
  File "/Users/maia/miniconda3/lib/python3.13/concurrent/futures/thread.py", line 59, in run
    result = self.fn(*self.args, **self.kwargs)
  File "/Users/maia/miniconda3/lib/python3.13/site-packages/snakemake/executors/local.py", line 236, in cached_or_run
    self.workflow.async_run(self.acached_or_run(job, run_func, *args))
    ~~~~~~~~~~~~~~~~~~~~~~~^^^^^^^^^^^^^^^^^^^^^^^^^^^^^^^^^^^^^^^^^^^
  File "/Users/maia/miniconda3/lib/python3.13/site-packages/snakemake/workflow.py", line 268, in async_run
    return runner.run(coro)
           ~~~~~~~~~~^^^^^^
  File "/Users/maia/miniconda3/lib/python3.13/asyncio/runners.py", line 118, in run
    return self._loop.run_until_complete(task)
           ~~~~~~~~~~~~~~~~~~~~~~~~~~~~~^^^^^^
  File "/Users/maia/miniconda3/lib/python3.13/asyncio/base_events.py", line 725, in run_until_complete
    return future.result()
           ~~~~~~~~~~~~~^^
  File "/Users/maia/miniconda3/lib/python3.13/site-packages/snakemake/executors/local.py", line 253, in acached_or_run
    run_func(*args)
    ~~~~~~~~^^^^^^^
  File "/Users/maia/miniconda3/lib/python3.13/site-packages/snakemake/executors/local.py", line 469, in run_wrapper
    raise RuleException(
    ...<3 lines>...
    )
snakemake.exceptions.RuleException: CalledProcessError in file "/Users/maia/Documents/workflow/rules/Preprocess.smk", line 21:
Command 'set -euo pipefail;  gatk PreprocessIntervals -R data/reference/hs38DH.fa --bin-length 1000 --padding 0 --interval-merging-rule OVERLAPPING_ONLY -O output/preprocessedintervals.list' returned non-zero exit status 2.

RuleException:
CalledProcessError in file "/Users/maia/Documents/workflow/rules/Preprocess.smk", line 21:
Command 'set -euo pipefail;  gatk PreprocessIntervals -R data/reference/hs38DH.fa --bin-length 1000 --padding 0 --interval-merging-rule OVERLAPPING_ONLY -O output/preprocessedintervals.list' returned non-zero exit status 2.
[Wed May 20 15:47:12 2026]
Error in rule preprocess_interval_WGS:
    message: None
    jobid: 1
    input: data/reference/hs38DH.fa
    output: output/preprocessedintervals.list
    log: logs/gatk/preprocess-interval/preprocessedintervals.log (check log file(s) for error details)
    shell:
        gatk PreprocessIntervals -R data/reference/hs38DH.fa --bin-length 1000 --padding 0 --interval-merging-rule OVERLAPPING_ONLY -O output/preprocessedintervals.list 
        (command exited with non-zero exit code)
Shutting down, this might take some time.
Exiting because a job execution failed. Look below for error messages
[Wed May 20 15:47:19 2026]
Error in rule preprocess_interval_WGS:
    message: None
    jobid: 1
    input: data/reference/hs38DH.fa
    output: output/preprocessedintervals.list
    log: logs/gatk/preprocess-interval/preprocessedintervals.log (check log file(s) for error details)
    shell:
        gatk PreprocessIntervals -R data/reference/hs38DH.fa --bin-length 1000 --padding 0 --interval-merging-rule OVERLAPPING_ONLY -O output/preprocessedintervals.list 
        (command exited with non-zero exit code)
Complete log(s): /Users/maia/Documents/workflow/.snakemake/log/2026-05-20T154710.234517.snakemake.log
unlocking
Full Traceback (most recent call last):
  File "/Users/maia/miniconda3/lib/python3.13/site-packages/snakemake/cli.py", line 2308, in args_to_api
    dag_api.execute_workflow(
    ~~~~~~~~~~~~~~~~~~~~~~~~^
        executor=args.executor,
        ^^^^^^^^^^^^^^^^^^^^^^^
    ...<46 lines>...
        scheduler_settings=scheduler_settings,
        ^^^^^^^^^^^^^^^^^^^^^^^^^^^^^^^^^^^^^^
    )
    ^
  File "/Users/maia/miniconda3/lib/python3.13/site-packages/snakemake/api.py", line 646, in execute_workflow
    workflow.execute(
    ~~~~~~~~~~~~~~~~^
        executor_plugin=executor_plugin,
        ^^^^^^^^^^^^^^^^^^^^^^^^^^^^^^^^
    ...<4 lines>...
        updated_files=updated_files,
        ^^^^^^^^^^^^^^^^^^^^^^^^^^^^
    )
    ^
  File "/Users/maia/miniconda3/lib/python3.13/site-packages/snakemake/workflow.py", line 1507, in execute
    raise WorkflowError("At least one job did not complete successfully.")
snakemake_interface_common.exceptions.WorkflowError: At least one job did not complete successfully.

WorkflowError:
At least one job did not complete successfully.
