Assuming unrestricted shared filesystem usage.
host: MAC.station
Building DAG of jobs...
: True 0
shared_storage_local_copies: True
remote_exec: False
Submitting maximum 100 job(s) over 1.0 second(s).
Using shell: /bin/bash
Provided cores: 1 (use --cores to define parallelism)
Rules claiming more threads will be scaled down.
Job stats:
job      count
-----  -------
all          1
total        1

Resources before job selection: {'_cores': 1, '_nodes': 9223372036854775807, '_job_count': 9223372036854775807}
Ready jobs: 1
Select jobs to execute...
Selected jobs: 1
Resources after job selection: {'_cores': 0, '_nodes': 9223372036854775806, '_job_count': 100}
Execute 1 jobs...
[Mon May 18 12:47:31 2026]
localrule all:
    jobid: 0
    reason: Rules with neither input nor output files are always executed.
    resources: tmpdir=/var/folders/js/47lf8p8j62932tb9qj2cpp7r0000gn/T
Waiting for running jobs to complete.
[Mon May 18 12:47:31 2026]
Finished jobid: 0 (Rule: all)
1 of 1 steps (100%) done
Handle temp files for job all
Complete log(s): /Users/maia/Documents/workflow/.snakemake/log/2026-05-18T124730.995052.snakemake.log
unlocking
